gumbo.engine.guardAddressOptimizationOn=true
gumbo.engine.proofsymbol=#
gumbo.engine.mapOutputGroupingPolicy=COSTGROUP_GUMBO
gumbo.engine.valeval.enabled=false
gumbo.engine.simulator.classname=gumbo.engine.hadoop2.estimation.MapSimulator
gumbo.engine.guardedCombinerOptimizationOn=false
gumbo.compiler.unnest.sort=true
gumbo.engine.assertConstantOptimizationOn=true
gumbo.compiler.partitioner=gumbo.compiler.partitioner.HeightPartitioner
gumbo.engine.valeval.projection.prepack=true
gumbo.engine.valeval.group=true
gumbo.engine.round1FiniteMemoryOptimizationOn=false
gumbo.engine.flexmappers=false
gumbo.engine.hadoop.reducersize_mb=256
gumbo.engine.val.projection.prepack=true
gumbo.engine.reduceOutputGroupingOptimizationOn=true
gumbo.engine.mapOutputGroupingOptimizationOn=true
gumbo.engine.flexreducers=true
gumbo.engine.eval.output.merge=false
gumbo.compiler.unnest=false
gumbo.engine.grouper.beststopindicator=0
gumbo.engine.requestAtomIdOptimizationOn=true
gumbo.engine.guardKeepAliveOptimizationOn=true
[INFO] 16/01/27 16:37:42 gumbo.Gumbo: Input: 
R(x0,x1,x2);input/experiments/EXP_032/1/R;csv;'S(x0);input/experiments/EXP_032/1/S;csv;'T(x0);input/experiments/EXP_032/1/T;csv;'U(x0);input/experiments/EXP_032/1/U;csv;'V(x0);input/experiments/EXP_032/1/V;csv;'G(x0,x1,x2);input/experiments/EXP_032/1/G;csv;
Output: output/EXP_032
Scratch: scratch/EXP_032
Queries: 
[(Out2(x,y,z) : G(x,y,z) & (U(y) & V(y))), (Out1(x,y,z) : R(x,y,z) & (S(x) & T(x)))]

[INFO] 16/01/27 16:37:42 compiler.GFCompiler: Adding suffix to scratch and output paths: /20160127_163742
[INFO] 16/01/27 16:37:42 compiler.GFCompiler: Decomposing GFEs into basic GFEs (BGFEs)...
[INFO] 16/01/27 16:37:42 compiler.GFCompiler: Number of BGFEs: 2
[INFO] 16/01/27 16:37:42 compiler.GFCompiler: Converting BGFEs into CalculationUnits (CUs)...
[INFO] 16/01/27 16:37:42 compiler.GFCompiler: Number of CUs: 2
[INFO] 16/01/27 16:37:42 compiler.GFCompiler: Linking Calculation Units (CUs)...
[INFO] 16/01/27 16:37:42 compiler.GFCompiler: Creating initial file mapping...
[INFO] 16/01/27 16:37:42 compiler.GFCompiler: file mapping:
Out root: output/EXP_032/20160127_163742
Scratch root: scratch/EXP_032/20160127_163742
Temp root: scratch/EXP_032/20160127_163742/tmp
R(x0,x1,x2) <- [input/experiments/EXP_032/1/R]
S(x0) <- [input/experiments/EXP_032/1/S]
T(x0) <- [input/experiments/EXP_032/1/T]
U(x0) <- [input/experiments/EXP_032/1/U]
V(x0) <- [input/experiments/EXP_032/1/V]
G(x0,x1,x2) <- [input/experiments/EXP_032/1/G]
Out2(x0,x1,x2) -> [output/EXP_032/20160127_163742/OUT_0_Out2]
Out1(x0,x1,x2) -> [output/EXP_032/20160127_163742/OUT_1_Out1]
Temp dirs: 

[INFO] 16/01/27 16:37:42 compiler.GFCompiler: Partitioning...
[INFO] 16/01/27 16:37:42 compiler.GFCompiler: Number of partitions: 1

Query:
query2.gumbo

Partitions:
-----------
Calculation Unit Partitions: {
{id : 0 Depends on: None. - (Out2(x,y,z) : G(x,y,z) & (U(y) & V(y)))id : 1 Depends on: None. - (Out1(x,y,z) : R(x,y,z) & (S(x) & T(x)))}
}
Folders:
-------
Out root: output/EXP_032/20160127_163742
Scratch root: scratch/EXP_032/20160127_163742
Temp root: scratch/EXP_032/20160127_163742/tmp
R(x0,x1,x2) <- [input/experiments/EXP_032/1/R]
S(x0) <- [input/experiments/EXP_032/1/S]
T(x0) <- [input/experiments/EXP_032/1/T]
U(x0) <- [input/experiments/EXP_032/1/U]
V(x0) <- [input/experiments/EXP_032/1/V]
G(x0,x1,x2) <- [input/experiments/EXP_032/1/G]
Out2(x0,x1,x2) -> [output/EXP_032/20160127_163742/OUT_0_Out2]
Out1(x0,x1,x2) -> [output/EXP_032/20160127_163742/OUT_1_Out1]
Temp dirs: 

[INFO] 16/01/27 16:37:42 hadoop2.HadoopEngine2: Creating Job Control for: query2.gumbo
[INFO] 16/01/27 16:37:42 hadoop2.HadoopEngine2: Starting Job-control thread: Gumbo-Workflow-Thread_query2.gumbo
[WARN] 16/01/27 16:37:42 util.NativeCodeLoader: Unable to load native-hadoop library for your platform... using builtin-java classes where applicable
[INFO] 16/01/27 16:37:42 hadoop2.HadoopEngine2: Using 2-round evaluation for Calculation Unit Partitions: {
{id : 0 Depends on: None. - (Out2(x,y,z) : G(x,y,z) & (U(y) & V(y)))id : 1 Depends on: None. - (Out1(x,y,z) : R(x,y,z) & (S(x) & T(x)))}
}
[INFO] 16/01/27 16:37:42 sample.RelationSampler: Fetching samples for relation R(x0,x1,x2)
[INFO] 16/01/27 16:37:43 sample.RelationSampler: Fetching samples for relation S(x0)
[INFO] 16/01/27 16:37:43 sample.RelationSampler: Fetching samples for relation T(x0)
[INFO] 16/01/27 16:37:43 sample.RelationSampler: Fetching samples for relation U(x0)
[INFO] 16/01/27 16:37:43 sample.RelationSampler: Fetching samples for relation V(x0)
[INFO] 16/01/27 16:37:43 sample.RelationSampler: Fetching samples for relation G(x0,x1,x2)
[INFO] 16/01/27 16:37:43 reporter.RelationTupleSampleContainer: Parsing samples for relation R(x0,x1,x2)
[INFO] 16/01/27 16:37:43 reporter.RelationTupleSampleContainer: Number of blocks: 10
[INFO] 16/01/27 16:37:43 reporter.RelationTupleSampleContainer: Number of blocks used for small sample: 1
[INFO] 16/01/27 16:37:43 reporter.RelationTupleSampleContainer: Small tuples: 228
[INFO] 16/01/27 16:37:43 reporter.RelationTupleSampleContainer: Big tuples: 1755
[INFO] 16/01/27 16:37:43 reporter.RelationTupleSampleContainer: Parsing samples for relation S(x0)
[INFO] 16/01/27 16:37:43 reporter.RelationTupleSampleContainer: Number of blocks: 10
[INFO] 16/01/27 16:37:43 reporter.RelationTupleSampleContainer: Number of blocks used for small sample: 1
[INFO] 16/01/27 16:37:43 reporter.RelationTupleSampleContainer: Small tuples: 593
[INFO] 16/01/27 16:37:43 reporter.RelationTupleSampleContainer: Big tuples: 4947
[INFO] 16/01/27 16:37:43 reporter.RelationTupleSampleContainer: Parsing samples for relation T(x0)
[INFO] 16/01/27 16:37:43 reporter.RelationTupleSampleContainer: Number of blocks: 10
[INFO] 16/01/27 16:37:43 reporter.RelationTupleSampleContainer: Number of blocks used for small sample: 1
[INFO] 16/01/27 16:37:43 reporter.RelationTupleSampleContainer: Small tuples: 583
[INFO] 16/01/27 16:37:43 reporter.RelationTupleSampleContainer: Big tuples: 4920
[INFO] 16/01/27 16:37:43 reporter.RelationTupleSampleContainer: Parsing samples for relation U(x0)
[INFO] 16/01/27 16:37:43 reporter.RelationTupleSampleContainer: Number of blocks: 10
[INFO] 16/01/27 16:37:43 reporter.RelationTupleSampleContainer: Number of blocks used for small sample: 1
[INFO] 16/01/27 16:37:43 reporter.RelationTupleSampleContainer: Small tuples: 585
[INFO] 16/01/27 16:37:43 reporter.RelationTupleSampleContainer: Big tuples: 4958
[INFO] 16/01/27 16:37:43 reporter.RelationTupleSampleContainer: Parsing samples for relation V(x0)
[INFO] 16/01/27 16:37:43 reporter.RelationTupleSampleContainer: Number of blocks: 10
[INFO] 16/01/27 16:37:43 reporter.RelationTupleSampleContainer: Number of blocks used for small sample: 1
[INFO] 16/01/27 16:37:43 reporter.RelationTupleSampleContainer: Small tuples: 592
[INFO] 16/01/27 16:37:43 reporter.RelationTupleSampleContainer: Big tuples: 4949
[INFO] 16/01/27 16:37:43 reporter.RelationTupleSampleContainer: Parsing samples for relation G(x0,x1,x2)
[INFO] 16/01/27 16:37:43 reporter.RelationTupleSampleContainer: Number of blocks: 10
[INFO] 16/01/27 16:37:43 reporter.RelationTupleSampleContainer: Number of blocks used for small sample: 1
[INFO] 16/01/27 16:37:43 reporter.RelationTupleSampleContainer: Small tuples: 195
[INFO] 16/01/27 16:37:43 reporter.RelationTupleSampleContainer: Big tuples: 1755
[INFO] 16/01/27 16:37:43 grouper.GrouperFactory: Creating a grouper with policy COSTGROUP_GUMBO
[WARN] 16/01/27 16:37:43 settings.AbstractExecutorSettings: Failed to find setting with key 'mapreduce.reduce.memory.mb', reverting to default value 1024.0
[INFO] 16/01/27 16:37:43 grouper.Grouper: Decomposition complete: 	G(x,y,z) |X U(y)
	G(x,y,z) |X V(y)
	R(x,y,z) |X S(x)
	R(x,y,z) |X T(x)
	Guard In Bytes0
	Guarded In Bytes0
	Guard Out Bytes0
	Guarded Out Bytes0
	Cost:0.0

[INFO] 16/01/27 16:37:43 estimation.MapSimulator: Simulating relation U(x0)
[INFO] 16/01/27 16:37:43 tupleops.TupleOpFactory: Projections before merge:
[INFO] 16/01/27 16:37:43 tupleops.TupleOpFactory: [U:0:0:0]
[INFO] 16/01/27 16:37:43 tupleops.TupleOpFactory: Projections after merge:
[INFO] 16/01/27 16:37:43 tupleops.TupleOpFactory: [U:0:0:0]
[INFO] 16/01/27 16:37:43 tupleops.TupleOpFactory: Projections before merge:
[INFO] 16/01/27 16:37:43 tupleops.TupleOpFactory: [U:0:0:0]
[INFO] 16/01/27 16:37:43 tupleops.TupleOpFactory: Projections after merge:
[INFO] 16/01/27 16:37:43 tupleops.TupleOpFactory: [U:0:0:0]
[INFO] 16/01/27 16:37:43 estimation.MapSimulator: Map Input bytes:7444995
[INFO] 16/01/27 16:37:43 estimation.MapSimulator: Est. Map Output bytes: 10429338
[INFO] 16/01/27 16:37:43 estimation.MapSimulator: Simulating relation G(x0,x1,x2)
[INFO] 16/01/27 16:37:43 tupleops.TupleOpFactory: Projections before merge:
[INFO] 16/01/27 16:37:43 tupleops.TupleOpFactory: [G:1:0,1,2:0]
[INFO] 16/01/27 16:37:43 tupleops.TupleOpFactory: Projections after merge:
[INFO] 16/01/27 16:37:43 tupleops.TupleOpFactory: [G:1:0,1,2:0]
[INFO] 16/01/27 16:37:43 tupleops.TupleOpFactory: Projections before merge:
[INFO] 16/01/27 16:37:43 tupleops.TupleOpFactory: [G:1:0,1,2:0]
[INFO] 16/01/27 16:37:43 tupleops.TupleOpFactory: Projections after merge:
[INFO] 16/01/27 16:37:43 tupleops.TupleOpFactory: [G:1:0,1,2:0]
[INFO] 16/01/27 16:37:43 estimation.MapSimulator: Map Input bytes:20666854
[INFO] 16/01/27 16:37:43 estimation.MapSimulator: Est. Map Output bytes: 13745749
Read:295.6417179107666
Sort:0.0
Merge:0.0
Store:471.9228401184082
MAP:767.5645580291748
Read:106.50150775909424
Sort:0.0
Merge:507.255781173706
Store:358.06290435791016
MAP:971.8201932907104
Transfer:62.248930835723876
Penalty:2.24
Merge:0.0
Reduce:167.1393392086029
RED:231.62827004432677
	G(x,y,z) |X U(y)
	Guard In Bytes3100028100
	Guarded In Bytes1116749250
	Guard Out Bytes2061862350
	Guarded Out Bytes1564400700
	Cost:1971.013021364212

[INFO] 16/01/27 16:37:43 estimation.MapSimulator: Simulating relation V(x0)
[INFO] 16/01/27 16:37:43 tupleops.TupleOpFactory: Projections before merge:
[INFO] 16/01/27 16:37:43 tupleops.TupleOpFactory: [V:0:0:2]
[INFO] 16/01/27 16:37:43 tupleops.TupleOpFactory: Projections after merge:
[INFO] 16/01/27 16:37:43 tupleops.TupleOpFactory: [V:0:0:2]
[INFO] 16/01/27 16:37:43 tupleops.TupleOpFactory: Projections before merge:
[INFO] 16/01/27 16:37:43 tupleops.TupleOpFactory: [V:0:0:2]
[INFO] 16/01/27 16:37:43 tupleops.TupleOpFactory: Projections after merge:
[INFO] 16/01/27 16:37:43 tupleops.TupleOpFactory: [V:0:0:2]
[INFO] 16/01/27 16:37:43 estimation.MapSimulator: Map Input bytes:7444659
[INFO] 16/01/27 16:37:43 estimation.MapSimulator: Est. Map Output bytes: 10418481
[INFO] 16/01/27 16:37:43 estimation.MapSimulator: Simulating relation G(x0,x1,x2)
[INFO] 16/01/27 16:37:43 tupleops.TupleOpFactory: Projections before merge:
[INFO] 16/01/27 16:37:43 tupleops.TupleOpFactory: [G:1:0,1,2:2]
[INFO] 16/01/27 16:37:43 tupleops.TupleOpFactory: Projections after merge:
[INFO] 16/01/27 16:37:43 tupleops.TupleOpFactory: [G:1:0,1,2:2]
[INFO] 16/01/27 16:37:43 tupleops.TupleOpFactory: Projections before merge:
[INFO] 16/01/27 16:37:43 tupleops.TupleOpFactory: [G:1:0,1,2:2]
[INFO] 16/01/27 16:37:43 tupleops.TupleOpFactory: Projections after merge:
[INFO] 16/01/27 16:37:43 tupleops.TupleOpFactory: [G:1:0,1,2:2]
[INFO] 16/01/27 16:37:43 estimation.MapSimulator: Map Input bytes:20666854
[INFO] 16/01/27 16:37:43 estimation.MapSimulator: Est. Map Output bytes: 13745749
Read:295.6417179107666
Sort:0.0
Merge:0.0
Store:471.9228401184082
MAP:767.5645580291748
Read:106.49670124053955
Sort:0.0
Merge:506.72772502899164
Store:357.69015884399414
MAP:970.9145851135254
Transfer:62.22097492218017
Penalty:2.24
Merge:0.0
Reduce:167.1393392086029
RED:231.6003141307831
	G(x,y,z) |X V(y)
	Guard In Bytes3100028100
	Guarded In Bytes1116698850
	Guard Out Bytes2061862350
	Guarded Out Bytes1562772150
	Cost:1970.0794572734833

[INFO] 16/01/27 16:37:43 estimation.MapSimulator: Simulating relation R(x0,x1,x2)
[INFO] 16/01/27 16:37:43 tupleops.TupleOpFactory: Projections before merge:
[INFO] 16/01/27 16:37:43 tupleops.TupleOpFactory: [R:0:0,1,2:4]
[INFO] 16/01/27 16:37:43 tupleops.TupleOpFactory: Projections after merge:
[INFO] 16/01/27 16:37:43 tupleops.TupleOpFactory: [R:0:0,1,2:4]
[INFO] 16/01/27 16:37:43 tupleops.TupleOpFactory: Projections before merge:
[INFO] 16/01/27 16:37:43 tupleops.TupleOpFactory: [R:0:0,1,2:4]
[INFO] 16/01/27 16:37:43 tupleops.TupleOpFactory: Projections after merge:
[INFO] 16/01/27 16:37:43 tupleops.TupleOpFactory: [R:0:0,1,2:4]
[INFO] 16/01/27 16:37:43 estimation.MapSimulator: Map Input bytes:20666854
[INFO] 16/01/27 16:37:43 estimation.MapSimulator: Est. Map Output bytes: 13596986
[INFO] 16/01/27 16:37:43 estimation.MapSimulator: Simulating relation S(x0)
[INFO] 16/01/27 16:37:43 tupleops.TupleOpFactory: Projections before merge:
[INFO] 16/01/27 16:37:43 tupleops.TupleOpFactory: [S:0:0:4]
[INFO] 16/01/27 16:37:43 tupleops.TupleOpFactory: Projections after merge:
[INFO] 16/01/27 16:37:43 tupleops.TupleOpFactory: [S:0:0:4]
[INFO] 16/01/27 16:37:43 tupleops.TupleOpFactory: Projections before merge:
[INFO] 16/01/27 16:37:43 tupleops.TupleOpFactory: [S:0:0:4]
[INFO] 16/01/27 16:37:43 tupleops.TupleOpFactory: Projections after merge:
[INFO] 16/01/27 16:37:43 tupleops.TupleOpFactory: [S:0:0:4]
[INFO] 16/01/27 16:37:43 estimation.MapSimulator: Map Input bytes:7444127
[INFO] 16/01/27 16:37:43 estimation.MapSimulator: Est. Map Output bytes: 10415602
Read:295.6417179107666
Sort:0.0
Merge:0.0
Store:466.81546783447266
MAP:762.4571857452393
Read:106.48909091949463
Sort:0.0
Merge:506.58769798278803
Store:357.59131622314453
MAP:970.6681051254272
Transfer:61.83050880432128
Penalty:2.24
Merge:0.0
Reduce:165.33047819137573
RED:229.400986995697
	R(x,y,z) |X S(x)
	Guard In Bytes3100028100
	Guarded In Bytes1116619050
	Guard Out Bytes2039547900
	Guarded Out Bytes1562340300
	Cost:1962.5262778663634

[INFO] 16/01/27 16:37:43 estimation.MapSimulator: Simulating relation T(x0)
[INFO] 16/01/27 16:37:43 tupleops.TupleOpFactory: Projections before merge:
[INFO] 16/01/27 16:37:43 tupleops.TupleOpFactory: [T:0:0:5]
[INFO] 16/01/27 16:37:43 tupleops.TupleOpFactory: Projections after merge:
[INFO] 16/01/27 16:37:43 tupleops.TupleOpFactory: [T:0:0:5]
[INFO] 16/01/27 16:37:43 tupleops.TupleOpFactory: Projections before merge:
[INFO] 16/01/27 16:37:43 tupleops.TupleOpFactory: [T:0:0:5]
[INFO] 16/01/27 16:37:43 tupleops.TupleOpFactory: Projections after merge:
[INFO] 16/01/27 16:37:43 tupleops.TupleOpFactory: [T:0:0:5]
[INFO] 16/01/27 16:37:43 estimation.MapSimulator: Map Input bytes:7444911
[INFO] 16/01/27 16:37:43 estimation.MapSimulator: Est. Map Output bytes: 10405348
[INFO] 16/01/27 16:37:43 estimation.MapSimulator: Simulating relation R(x0,x1,x2)
[INFO] 16/01/27 16:37:43 tupleops.TupleOpFactory: Projections before merge:
[INFO] 16/01/27 16:37:43 tupleops.TupleOpFactory: [R:0:0,1,2:5]
[INFO] 16/01/27 16:37:43 tupleops.TupleOpFactory: Projections after merge:
[INFO] 16/01/27 16:37:43 tupleops.TupleOpFactory: [R:0:0,1,2:5]
[INFO] 16/01/27 16:37:43 tupleops.TupleOpFactory: Projections before merge:
[INFO] 16/01/27 16:37:43 tupleops.TupleOpFactory: [R:0:0,1,2:5]
[INFO] 16/01/27 16:37:43 tupleops.TupleOpFactory: Projections after merge:
[INFO] 16/01/27 16:37:43 tupleops.TupleOpFactory: [R:0:0,1,2:5]
[INFO] 16/01/27 16:37:43 estimation.MapSimulator: Map Input bytes:20666854
[INFO] 16/01/27 16:37:43 estimation.MapSimulator: Est. Map Output bytes: 13596986
Read:295.6417179107666
Sort:0.0
Merge:0.0
Store:466.81546783447266
MAP:762.4571857452393
Read:106.50030612945557
Sort:0.0
Merge:506.0889701843261
Store:357.23927307128906
MAP:969.8285493850708
Transfer:61.804105567932126
Penalty:2.24
Merge:0.0
Reduce:165.33047819137573
RED:229.37458375930785
	R(x,y,z) |X T(x)
	Guard In Bytes3100028100
	Guarded In Bytes1116736650
	Guard Out Bytes2039547900
	Guarded Out Bytes1560802200
	Cost:1961.6603188896179

[INFO] 16/01/27 16:37:43 estimation.MapSimulator: Simulating relation R(x0,x1,x2)
[INFO] 16/01/27 16:37:43 tupleops.TupleOpFactory: Projections before merge:
[INFO] 16/01/27 16:37:43 tupleops.TupleOpFactory: [R:0:0,1,2:4]
[INFO] 16/01/27 16:37:43 tupleops.TupleOpFactory: Projections after merge:
[INFO] 16/01/27 16:37:43 tupleops.TupleOpFactory: [R:0:0,1,2:4]
[INFO] 16/01/27 16:37:43 tupleops.TupleOpFactory: Projections before merge:
[INFO] 16/01/27 16:37:43 tupleops.TupleOpFactory: [R:0:0,1,2:4]
[INFO] 16/01/27 16:37:43 tupleops.TupleOpFactory: Projections after merge:
[INFO] 16/01/27 16:37:43 tupleops.TupleOpFactory: [R:0:0,1,2:4]
[INFO] 16/01/27 16:37:43 estimation.MapSimulator: Map Input bytes:20666854
[INFO] 16/01/27 16:37:43 estimation.MapSimulator: Est. Map Output bytes: 13596986
[INFO] 16/01/27 16:37:43 estimation.MapSimulator: Simulating relation S(x0)
[INFO] 16/01/27 16:37:43 tupleops.TupleOpFactory: Projections before merge:
[INFO] 16/01/27 16:37:43 tupleops.TupleOpFactory: [S:0:0:4]
[INFO] 16/01/27 16:37:43 tupleops.TupleOpFactory: Projections after merge:
[INFO] 16/01/27 16:37:43 tupleops.TupleOpFactory: [S:0:0:4]
[INFO] 16/01/27 16:37:43 tupleops.TupleOpFactory: Projections before merge:
[INFO] 16/01/27 16:37:43 tupleops.TupleOpFactory: [S:0:0:4]
[INFO] 16/01/27 16:37:43 tupleops.TupleOpFactory: Projections after merge:
[INFO] 16/01/27 16:37:43 tupleops.TupleOpFactory: [S:0:0:4]
[INFO] 16/01/27 16:37:43 estimation.MapSimulator: Map Input bytes:7444127
[INFO] 16/01/27 16:37:43 estimation.MapSimulator: Est. Map Output bytes: 10415602
[INFO] 16/01/27 16:37:43 estimation.MapSimulator: Simulating relation V(x0)
[INFO] 16/01/27 16:37:43 tupleops.TupleOpFactory: Projections before merge:
[INFO] 16/01/27 16:37:43 tupleops.TupleOpFactory: [V:0:0:2]
[INFO] 16/01/27 16:37:43 tupleops.TupleOpFactory: Projections after merge:
[INFO] 16/01/27 16:37:43 tupleops.TupleOpFactory: [V:0:0:2]
[INFO] 16/01/27 16:37:43 tupleops.TupleOpFactory: Projections before merge:
[INFO] 16/01/27 16:37:43 tupleops.TupleOpFactory: [V:0:0:2]
[INFO] 16/01/27 16:37:43 tupleops.TupleOpFactory: Projections after merge:
[INFO] 16/01/27 16:37:43 tupleops.TupleOpFactory: [V:0:0:2]
[INFO] 16/01/27 16:37:43 estimation.MapSimulator: Map Input bytes:7444659
[INFO] 16/01/27 16:37:43 estimation.MapSimulator: Est. Map Output bytes: 10418481
[INFO] 16/01/27 16:37:43 estimation.MapSimulator: Simulating relation G(x0,x1,x2)
[INFO] 16/01/27 16:37:43 tupleops.TupleOpFactory: Projections before merge:
[INFO] 16/01/27 16:37:43 tupleops.TupleOpFactory: [G:1:0,1,2:2]
[INFO] 16/01/27 16:37:43 tupleops.TupleOpFactory: Projections after merge:
[INFO] 16/01/27 16:37:43 tupleops.TupleOpFactory: [G:1:0,1,2:2]
[INFO] 16/01/27 16:37:43 tupleops.TupleOpFactory: Projections before merge:
[INFO] 16/01/27 16:37:43 tupleops.TupleOpFactory: [G:1:0,1,2:2]
[INFO] 16/01/27 16:37:43 tupleops.TupleOpFactory: Projections after merge:
[INFO] 16/01/27 16:37:43 tupleops.TupleOpFactory: [G:1:0,1,2:2]
[INFO] 16/01/27 16:37:43 estimation.MapSimulator: Map Input bytes:20666854
[INFO] 16/01/27 16:37:43 estimation.MapSimulator: Est. Map Output bytes: 13745749
Read:591.2834358215332
Sort:0.0
Merge:0.0
Store:938.7383079528809
MAP:1530.021743774414
Read:212.98579216003418
Sort:0.0
Merge:1013.3154230117797
Store:715.2814750671387
MAP:1941.5826902389526
Transfer:124.05148372650146
Penalty:8.505
Merge:0.0
Reduce:332.46981739997864
RED:465.0263011264801
	G(x,y,z) |X V(y)
	R(x,y,z) |X S(x)
	Guard In Bytes6200056200
	Guarded In Bytes2233317900
	Guard Out Bytes4101410250
	Guarded Out Bytes3125112450
	Cost:3936.630735139847

[INFO] 16/01/27 16:37:43 estimation.MapSimulator: Simulating relation U(x0)
[INFO] 16/01/27 16:37:43 tupleops.TupleOpFactory: Projections before merge:
[INFO] 16/01/27 16:37:43 tupleops.TupleOpFactory: [U:0:0:0]
[INFO] 16/01/27 16:37:43 tupleops.TupleOpFactory: Projections after merge:
[INFO] 16/01/27 16:37:43 tupleops.TupleOpFactory: [U:0:0:0]
[INFO] 16/01/27 16:37:43 tupleops.TupleOpFactory: Projections before merge:
[INFO] 16/01/27 16:37:43 tupleops.TupleOpFactory: [U:0:0:0]
[INFO] 16/01/27 16:37:43 tupleops.TupleOpFactory: Projections after merge:
[INFO] 16/01/27 16:37:43 tupleops.TupleOpFactory: [U:0:0:0]
[INFO] 16/01/27 16:37:43 estimation.MapSimulator: Map Input bytes:7444995
[INFO] 16/01/27 16:37:43 estimation.MapSimulator: Est. Map Output bytes: 10429338
[INFO] 16/01/27 16:37:43 estimation.MapSimulator: Simulating relation V(x0)
[INFO] 16/01/27 16:37:43 tupleops.TupleOpFactory: Projections before merge:
[INFO] 16/01/27 16:37:43 tupleops.TupleOpFactory: [V:0:0:2]
[INFO] 16/01/27 16:37:43 tupleops.TupleOpFactory: Projections after merge:
[INFO] 16/01/27 16:37:43 tupleops.TupleOpFactory: [V:0:0:2]
[INFO] 16/01/27 16:37:43 tupleops.TupleOpFactory: Projections before merge:
[INFO] 16/01/27 16:37:43 tupleops.TupleOpFactory: [V:0:0:2]
[INFO] 16/01/27 16:37:43 tupleops.TupleOpFactory: Projections after merge:
[INFO] 16/01/27 16:37:43 tupleops.TupleOpFactory: [V:0:0:2]
[INFO] 16/01/27 16:37:43 estimation.MapSimulator: Map Input bytes:7444659
[INFO] 16/01/27 16:37:43 estimation.MapSimulator: Est. Map Output bytes: 10418481
[INFO] 16/01/27 16:37:43 estimation.MapSimulator: Simulating relation G(x0,x1,x2)
[INFO] 16/01/27 16:37:43 tupleops.TupleOpFactory: Projections before merge:
[INFO] 16/01/27 16:37:43 tupleops.TupleOpFactory: [G:1:0,1,2:2, G:1:0,1,2:0]
[INFO] 16/01/27 16:37:43 tupleops.TupleOpFactory: Projections after merge:
[INFO] 16/01/27 16:37:43 tupleops.TupleOpFactory: [G:1:0,1,2:2,0]
[INFO] 16/01/27 16:37:43 tupleops.TupleOpFactory: Projections before merge:
[INFO] 16/01/27 16:37:43 tupleops.TupleOpFactory: [G:1:0,1,2:0, G:1:0,1,2:2]
[INFO] 16/01/27 16:37:43 tupleops.TupleOpFactory: Projections after merge:
[INFO] 16/01/27 16:37:43 tupleops.TupleOpFactory: [G:1:0,1,2:0,2]
[INFO] 16/01/27 16:37:43 estimation.MapSimulator: Map Input bytes:20666854
[INFO] 16/01/27 16:37:43 estimation.MapSimulator: Est. Map Output bytes: 14730366
Read:295.6417179107666
Sort:0.0
Merge:0.0
Store:505.7269821166992
MAP:801.3687000274658
Read:212.9982089996338
Sort:0.0
Merge:1013.9835062026976
Store:715.7530632019043
MAP:1942.7347784042358
Transfer:91.61100339889526
Penalty:4.0
Merge:0.0
Reduce:179.1116394996643
RED:274.72264289855957
	G(x,y,z) |X U(y)
	G(x,y,z) |X V(y)
	Guard In Bytes3100028100
	Guarded In Bytes2233448100
	Guard Out Bytes2209554900
	Guarded Out Bytes3127172850
	Cost:3018.8261213302612

[INFO] 16/01/27 16:37:43 estimation.MapSimulator: Simulating relation R(x0,x1,x2)
[INFO] 16/01/27 16:37:43 tupleops.TupleOpFactory: Projections before merge:
[INFO] 16/01/27 16:37:43 tupleops.TupleOpFactory: [R:0:0,1,2:4]
[INFO] 16/01/27 16:37:43 tupleops.TupleOpFactory: Projections after merge:
[INFO] 16/01/27 16:37:43 tupleops.TupleOpFactory: [R:0:0,1,2:4]
[INFO] 16/01/27 16:37:43 tupleops.TupleOpFactory: Projections before merge:
[INFO] 16/01/27 16:37:43 tupleops.TupleOpFactory: [R:0:0,1,2:4]
[INFO] 16/01/27 16:37:43 tupleops.TupleOpFactory: Projections after merge:
[INFO] 16/01/27 16:37:43 tupleops.TupleOpFactory: [R:0:0,1,2:4]
[INFO] 16/01/27 16:37:43 estimation.MapSimulator: Map Input bytes:20666854
[INFO] 16/01/27 16:37:43 estimation.MapSimulator: Est. Map Output bytes: 13596986
[INFO] 16/01/27 16:37:43 estimation.MapSimulator: Simulating relation S(x0)
[INFO] 16/01/27 16:37:43 tupleops.TupleOpFactory: Projections before merge:
[INFO] 16/01/27 16:37:43 tupleops.TupleOpFactory: [S:0:0:4]
[INFO] 16/01/27 16:37:43 tupleops.TupleOpFactory: Projections after merge:
[INFO] 16/01/27 16:37:43 tupleops.TupleOpFactory: [S:0:0:4]
[INFO] 16/01/27 16:37:43 tupleops.TupleOpFactory: Projections before merge:
[INFO] 16/01/27 16:37:43 tupleops.TupleOpFactory: [S:0:0:4]
[INFO] 16/01/27 16:37:43 tupleops.TupleOpFactory: Projections after merge:
[INFO] 16/01/27 16:37:43 tupleops.TupleOpFactory: [S:0:0:4]
[INFO] 16/01/27 16:37:43 estimation.MapSimulator: Map Input bytes:7444127
[INFO] 16/01/27 16:37:43 estimation.MapSimulator: Est. Map Output bytes: 10415602
[INFO] 16/01/27 16:37:43 estimation.MapSimulator: Simulating relation U(x0)
[INFO] 16/01/27 16:37:43 tupleops.TupleOpFactory: Projections before merge:
[INFO] 16/01/27 16:37:43 tupleops.TupleOpFactory: [U:0:0:0]
[INFO] 16/01/27 16:37:43 tupleops.TupleOpFactory: Projections after merge:
[INFO] 16/01/27 16:37:43 tupleops.TupleOpFactory: [U:0:0:0]
[INFO] 16/01/27 16:37:43 tupleops.TupleOpFactory: Projections before merge:
[INFO] 16/01/27 16:37:43 tupleops.TupleOpFactory: [U:0:0:0]
[INFO] 16/01/27 16:37:43 tupleops.TupleOpFactory: Projections after merge:
[INFO] 16/01/27 16:37:43 tupleops.TupleOpFactory: [U:0:0:0]
[INFO] 16/01/27 16:37:43 estimation.MapSimulator: Map Input bytes:7444995
[INFO] 16/01/27 16:37:43 estimation.MapSimulator: Est. Map Output bytes: 10429338
[INFO] 16/01/27 16:37:43 estimation.MapSimulator: Simulating relation G(x0,x1,x2)
[INFO] 16/01/27 16:37:43 tupleops.TupleOpFactory: Projections before merge:
[INFO] 16/01/27 16:37:43 tupleops.TupleOpFactory: [G:1:0,1,2:0]
[INFO] 16/01/27 16:37:43 tupleops.TupleOpFactory: Projections after merge:
[INFO] 16/01/27 16:37:43 tupleops.TupleOpFactory: [G:1:0,1,2:0]
[INFO] 16/01/27 16:37:43 tupleops.TupleOpFactory: Projections before merge:
[INFO] 16/01/27 16:37:43 tupleops.TupleOpFactory: [G:1:0,1,2:0]
[INFO] 16/01/27 16:37:43 tupleops.TupleOpFactory: Projections after merge:
[INFO] 16/01/27 16:37:43 tupleops.TupleOpFactory: [G:1:0,1,2:0]
[INFO] 16/01/27 16:37:43 estimation.MapSimulator: Map Input bytes:20666854
[INFO] 16/01/27 16:37:43 estimation.MapSimulator: Est. Map Output bytes: 13745749
Read:591.2834358215332
Sort:0.0
Merge:0.0
Store:938.7383079528809
MAP:1530.021743774414
Read:212.99059867858887
Sort:0.0
Merge:1013.843479156494
Store:715.6542205810547
MAP:1942.4882984161377
Transfer:124.07943964004515
Penalty:8.505
Merge:0.0
Reduce:332.46981739997864
RED:465.0542570400238
	G(x,y,z) |X U(y)
	R(x,y,z) |X S(x)
	Guard In Bytes6200056200
	Guarded In Bytes2233368300
	Guard Out Bytes4101410250
	Guarded Out Bytes3126741000
	Cost:3937.5642992305757

[INFO] 16/01/27 16:37:43 estimation.MapSimulator: Simulating relation R(x0,x1,x2)
[INFO] 16/01/27 16:37:43 tupleops.TupleOpFactory: Projections before merge:
[INFO] 16/01/27 16:37:43 tupleops.TupleOpFactory: [R:0:0,1,2:5]
[INFO] 16/01/27 16:37:43 tupleops.TupleOpFactory: Projections after merge:
[INFO] 16/01/27 16:37:43 tupleops.TupleOpFactory: [R:0:0,1,2:5]
[INFO] 16/01/27 16:37:43 tupleops.TupleOpFactory: Projections before merge:
[INFO] 16/01/27 16:37:43 tupleops.TupleOpFactory: [R:0:0,1,2:5]
[INFO] 16/01/27 16:37:43 tupleops.TupleOpFactory: Projections after merge:
[INFO] 16/01/27 16:37:43 tupleops.TupleOpFactory: [R:0:0,1,2:5]
[INFO] 16/01/27 16:37:43 estimation.MapSimulator: Map Input bytes:20666854
[INFO] 16/01/27 16:37:43 estimation.MapSimulator: Est. Map Output bytes: 13596986
[INFO] 16/01/27 16:37:43 estimation.MapSimulator: Simulating relation T(x0)
[INFO] 16/01/27 16:37:43 tupleops.TupleOpFactory: Projections before merge:
[INFO] 16/01/27 16:37:43 tupleops.TupleOpFactory: [T:0:0:5]
[INFO] 16/01/27 16:37:43 tupleops.TupleOpFactory: Projections after merge:
[INFO] 16/01/27 16:37:43 tupleops.TupleOpFactory: [T:0:0:5]
[INFO] 16/01/27 16:37:43 tupleops.TupleOpFactory: Projections before merge:
[INFO] 16/01/27 16:37:43 tupleops.TupleOpFactory: [T:0:0:5]
[INFO] 16/01/27 16:37:43 tupleops.TupleOpFactory: Projections after merge:
[INFO] 16/01/27 16:37:43 tupleops.TupleOpFactory: [T:0:0:5]
[INFO] 16/01/27 16:37:43 estimation.MapSimulator: Map Input bytes:7444911
[INFO] 16/01/27 16:37:43 estimation.MapSimulator: Est. Map Output bytes: 10405348
[INFO] 16/01/27 16:37:43 estimation.MapSimulator: Simulating relation U(x0)
[INFO] 16/01/27 16:37:43 tupleops.TupleOpFactory: Projections before merge:
[INFO] 16/01/27 16:37:43 tupleops.TupleOpFactory: [U:0:0:0]
[INFO] 16/01/27 16:37:43 tupleops.TupleOpFactory: Projections after merge:
[INFO] 16/01/27 16:37:43 tupleops.TupleOpFactory: [U:0:0:0]
[INFO] 16/01/27 16:37:43 tupleops.TupleOpFactory: Projections before merge:
[INFO] 16/01/27 16:37:43 tupleops.TupleOpFactory: [U:0:0:0]
[INFO] 16/01/27 16:37:43 tupleops.TupleOpFactory: Projections after merge:
[INFO] 16/01/27 16:37:43 tupleops.TupleOpFactory: [U:0:0:0]
[INFO] 16/01/27 16:37:43 estimation.MapSimulator: Map Input bytes:7444995
[INFO] 16/01/27 16:37:43 estimation.MapSimulator: Est. Map Output bytes: 10429338
[INFO] 16/01/27 16:37:43 estimation.MapSimulator: Simulating relation G(x0,x1,x2)
[INFO] 16/01/27 16:37:43 tupleops.TupleOpFactory: Projections before merge:
[INFO] 16/01/27 16:37:43 tupleops.TupleOpFactory: [G:1:0,1,2:0]
[INFO] 16/01/27 16:37:43 tupleops.TupleOpFactory: Projections after merge:
[INFO] 16/01/27 16:37:43 tupleops.TupleOpFactory: [G:1:0,1,2:0]
[INFO] 16/01/27 16:37:43 tupleops.TupleOpFactory: Projections before merge:
[INFO] 16/01/27 16:37:43 tupleops.TupleOpFactory: [G:1:0,1,2:0]
[INFO] 16/01/27 16:37:43 tupleops.TupleOpFactory: Projections after merge:
[INFO] 16/01/27 16:37:43 tupleops.TupleOpFactory: [G:1:0,1,2:0]
[INFO] 16/01/27 16:37:43 estimation.MapSimulator: Map Input bytes:20666854
[INFO] 16/01/27 16:37:43 estimation.MapSimulator: Est. Map Output bytes: 13745749
Read:591.2834358215332
Sort:0.0
Merge:0.0
Store:938.7383079528809
MAP:1530.021743774414
Read:213.0018138885498
Sort:0.0
Merge:1013.3447513580321
Store:715.3021774291992
MAP:1941.6487426757812
Transfer:124.053036403656
Penalty:8.505
Merge:0.0
Reduce:332.46981739997864
RED:465.0278538036346
	G(x,y,z) |X U(y)
	R(x,y,z) |X T(x)
	Guard In Bytes6200056200
	Guarded In Bytes2233485900
	Guard Out Bytes4101410250
	Guarded Out Bytes3125202900
	Cost:3936.69834025383

[INFO] 16/01/27 16:37:43 estimation.MapSimulator: Simulating relation R(x0,x1,x2)
[INFO] 16/01/27 16:37:43 tupleops.TupleOpFactory: Projections before merge:
[INFO] 16/01/27 16:37:43 tupleops.TupleOpFactory: [R:0:0,1,2:5]
[INFO] 16/01/27 16:37:43 tupleops.TupleOpFactory: Projections after merge:
[INFO] 16/01/27 16:37:43 tupleops.TupleOpFactory: [R:0:0,1,2:5]
[INFO] 16/01/27 16:37:43 tupleops.TupleOpFactory: Projections before merge:
[INFO] 16/01/27 16:37:43 tupleops.TupleOpFactory: [R:0:0,1,2:5]
[INFO] 16/01/27 16:37:43 tupleops.TupleOpFactory: Projections after merge:
[INFO] 16/01/27 16:37:43 tupleops.TupleOpFactory: [R:0:0,1,2:5]
[INFO] 16/01/27 16:37:43 estimation.MapSimulator: Map Input bytes:20666854
[INFO] 16/01/27 16:37:43 estimation.MapSimulator: Est. Map Output bytes: 13596986
[INFO] 16/01/27 16:37:43 estimation.MapSimulator: Simulating relation T(x0)
[INFO] 16/01/27 16:37:43 tupleops.TupleOpFactory: Projections before merge:
[INFO] 16/01/27 16:37:43 tupleops.TupleOpFactory: [T:0:0:5]
[INFO] 16/01/27 16:37:43 tupleops.TupleOpFactory: Projections after merge:
[INFO] 16/01/27 16:37:43 tupleops.TupleOpFactory: [T:0:0:5]
[INFO] 16/01/27 16:37:43 tupleops.TupleOpFactory: Projections before merge:
[INFO] 16/01/27 16:37:43 tupleops.TupleOpFactory: [T:0:0:5]
[INFO] 16/01/27 16:37:43 tupleops.TupleOpFactory: Projections after merge:
[INFO] 16/01/27 16:37:43 tupleops.TupleOpFactory: [T:0:0:5]
[INFO] 16/01/27 16:37:43 estimation.MapSimulator: Map Input bytes:7444911
[INFO] 16/01/27 16:37:43 estimation.MapSimulator: Est. Map Output bytes: 10405348
[INFO] 16/01/27 16:37:43 estimation.MapSimulator: Simulating relation V(x0)
[INFO] 16/01/27 16:37:43 tupleops.TupleOpFactory: Projections before merge:
[INFO] 16/01/27 16:37:43 tupleops.TupleOpFactory: [V:0:0:2]
[INFO] 16/01/27 16:37:43 tupleops.TupleOpFactory: Projections after merge:
[INFO] 16/01/27 16:37:43 tupleops.TupleOpFactory: [V:0:0:2]
[INFO] 16/01/27 16:37:43 tupleops.TupleOpFactory: Projections before merge:
[INFO] 16/01/27 16:37:43 tupleops.TupleOpFactory: [V:0:0:2]
[INFO] 16/01/27 16:37:43 tupleops.TupleOpFactory: Projections after merge:
[INFO] 16/01/27 16:37:43 tupleops.TupleOpFactory: [V:0:0:2]
[INFO] 16/01/27 16:37:43 estimation.MapSimulator: Map Input bytes:7444659
[INFO] 16/01/27 16:37:43 estimation.MapSimulator: Est. Map Output bytes: 10418481
[INFO] 16/01/27 16:37:43 estimation.MapSimulator: Simulating relation G(x0,x1,x2)
[INFO] 16/01/27 16:37:43 tupleops.TupleOpFactory: Projections before merge:
[INFO] 16/01/27 16:37:43 tupleops.TupleOpFactory: [G:1:0,1,2:2]
[INFO] 16/01/27 16:37:43 tupleops.TupleOpFactory: Projections after merge:
[INFO] 16/01/27 16:37:43 tupleops.TupleOpFactory: [G:1:0,1,2:2]
[INFO] 16/01/27 16:37:43 tupleops.TupleOpFactory: Projections before merge:
[INFO] 16/01/27 16:37:43 tupleops.TupleOpFactory: [G:1:0,1,2:2]
[INFO] 16/01/27 16:37:43 tupleops.TupleOpFactory: Projections after merge:
[INFO] 16/01/27 16:37:43 tupleops.TupleOpFactory: [G:1:0,1,2:2]
[INFO] 16/01/27 16:37:43 estimation.MapSimulator: Map Input bytes:20666854
[INFO] 16/01/27 16:37:43 estimation.MapSimulator: Est. Map Output bytes: 13745749
Read:591.2834358215332
Sort:0.0
Merge:0.0
Store:938.7383079528809
MAP:1530.021743774414
Read:212.99700736999512
Sort:0.0
Merge:1012.8166952133178
Store:714.9294319152832
MAP:1940.7431344985962
Transfer:124.0250804901123
Penalty:8.505
Merge:0.0
Reduce:332.46981739997864
RED:464.99989789009095
	G(x,y,z) |X V(y)
	R(x,y,z) |X T(x)
	Guard In Bytes6200056200
	Guarded In Bytes2233435500
	Guard Out Bytes4101410250
	Guarded Out Bytes3123574350
	Cost:3935.764776163101

[INFO] 16/01/27 16:37:43 estimation.MapSimulator: Simulating relation T(x0)
[INFO] 16/01/27 16:37:43 tupleops.TupleOpFactory: Projections before merge:
[INFO] 16/01/27 16:37:43 tupleops.TupleOpFactory: [T:0:0:5]
[INFO] 16/01/27 16:37:43 tupleops.TupleOpFactory: Projections after merge:
[INFO] 16/01/27 16:37:43 tupleops.TupleOpFactory: [T:0:0:5]
[INFO] 16/01/27 16:37:43 tupleops.TupleOpFactory: Projections before merge:
[INFO] 16/01/27 16:37:43 tupleops.TupleOpFactory: [T:0:0:5]
[INFO] 16/01/27 16:37:43 tupleops.TupleOpFactory: Projections after merge:
[INFO] 16/01/27 16:37:43 tupleops.TupleOpFactory: [T:0:0:5]
[INFO] 16/01/27 16:37:43 estimation.MapSimulator: Map Input bytes:7444911
[INFO] 16/01/27 16:37:43 estimation.MapSimulator: Est. Map Output bytes: 10405348
[INFO] 16/01/27 16:37:43 estimation.MapSimulator: Simulating relation R(x0,x1,x2)
[INFO] 16/01/27 16:37:43 tupleops.TupleOpFactory: Projections before merge:
[INFO] 16/01/27 16:37:43 tupleops.TupleOpFactory: [R:0:0,1,2:5, R:0:0,1,2:4]
[INFO] 16/01/27 16:37:43 tupleops.TupleOpFactory: Projections after merge:
[INFO] 16/01/27 16:37:43 tupleops.TupleOpFactory: [R:0:0,1,2:5,4]
[INFO] 16/01/27 16:37:43 tupleops.TupleOpFactory: Projections before merge:
[INFO] 16/01/27 16:37:43 tupleops.TupleOpFactory: [R:0:0,1,2:4, R:0:0,1,2:5]
[INFO] 16/01/27 16:37:43 tupleops.TupleOpFactory: Projections after merge:
[INFO] 16/01/27 16:37:43 tupleops.TupleOpFactory: [R:0:0,1,2:4,5]
[INFO] 16/01/27 16:37:43 estimation.MapSimulator: Map Input bytes:20666854
[INFO] 16/01/27 16:37:43 estimation.MapSimulator: Est. Map Output bytes: 14559300
[INFO] 16/01/27 16:37:43 estimation.MapSimulator: Simulating relation S(x0)
[INFO] 16/01/27 16:37:43 tupleops.TupleOpFactory: Projections before merge:
[INFO] 16/01/27 16:37:43 tupleops.TupleOpFactory: [S:0:0:4]
[INFO] 16/01/27 16:37:43 tupleops.TupleOpFactory: Projections after merge:
[INFO] 16/01/27 16:37:43 tupleops.TupleOpFactory: [S:0:0:4]
[INFO] 16/01/27 16:37:43 tupleops.TupleOpFactory: Projections before merge:
[INFO] 16/01/27 16:37:43 tupleops.TupleOpFactory: [S:0:0:4]
[INFO] 16/01/27 16:37:43 tupleops.TupleOpFactory: Projections after merge:
[INFO] 16/01/27 16:37:43 tupleops.TupleOpFactory: [S:0:0:4]
[INFO] 16/01/27 16:37:43 estimation.MapSimulator: Map Input bytes:7444127
[INFO] 16/01/27 16:37:43 estimation.MapSimulator: Est. Map Output bytes: 10415602
Read:295.6417179107666
Sort:0.0
Merge:0.0
Store:499.85389709472656
MAP:795.4956150054932
Read:212.9893970489502
Sort:0.0
Merge:1012.6766681671141
Store:714.8305892944336
MAP:1940.496654510498
Transfer:91.10133647918701
Penalty:4.0
Merge:0.0
Reduce:177.03158855438232
RED:272.13292503356934
	R(x,y,z) |X S(x)
	R(x,y,z) |X T(x)
	Guard In Bytes3100028100
	Guarded In Bytes2233355700
	Guard Out Bytes2183895000
	Guarded Out Bytes3123142500
	Cost:3008.1251945495605

[INFO] 16/01/27 16:37:43 estimation.MapSimulator: Simulating relation U(x0)
[INFO] 16/01/27 16:37:43 tupleops.TupleOpFactory: Projections before merge:
[INFO] 16/01/27 16:37:43 tupleops.TupleOpFactory: [U:0:0:0]
[INFO] 16/01/27 16:37:43 tupleops.TupleOpFactory: Projections after merge:
[INFO] 16/01/27 16:37:43 tupleops.TupleOpFactory: [U:0:0:0]
[INFO] 16/01/27 16:37:43 tupleops.TupleOpFactory: Projections before merge:
[INFO] 16/01/27 16:37:43 tupleops.TupleOpFactory: [U:0:0:0]
[INFO] 16/01/27 16:37:43 tupleops.TupleOpFactory: Projections after merge:
[INFO] 16/01/27 16:37:43 tupleops.TupleOpFactory: [U:0:0:0]
[INFO] 16/01/27 16:37:43 estimation.MapSimulator: Map Input bytes:7444995
[INFO] 16/01/27 16:37:43 estimation.MapSimulator: Est. Map Output bytes: 10429338
[INFO] 16/01/27 16:37:43 estimation.MapSimulator: Simulating relation V(x0)
[INFO] 16/01/27 16:37:43 tupleops.TupleOpFactory: Projections before merge:
[INFO] 16/01/27 16:37:43 tupleops.TupleOpFactory: [V:0:0:2]
[INFO] 16/01/27 16:37:43 tupleops.TupleOpFactory: Projections after merge:
[INFO] 16/01/27 16:37:43 tupleops.TupleOpFactory: [V:0:0:2]
[INFO] 16/01/27 16:37:43 tupleops.TupleOpFactory: Projections before merge:
[INFO] 16/01/27 16:37:43 tupleops.TupleOpFactory: [V:0:0:2]
[INFO] 16/01/27 16:37:43 tupleops.TupleOpFactory: Projections after merge:
[INFO] 16/01/27 16:37:43 tupleops.TupleOpFactory: [V:0:0:2]
[INFO] 16/01/27 16:37:43 estimation.MapSimulator: Map Input bytes:7444659
[INFO] 16/01/27 16:37:43 estimation.MapSimulator: Est. Map Output bytes: 10418481
[INFO] 16/01/27 16:37:43 estimation.MapSimulator: Simulating relation G(x0,x1,x2)
[INFO] 16/01/27 16:37:43 tupleops.TupleOpFactory: Projections before merge:
[INFO] 16/01/27 16:37:43 tupleops.TupleOpFactory: [G:1:0,1,2:2, G:1:0,1,2:0]
[INFO] 16/01/27 16:37:43 tupleops.TupleOpFactory: Projections after merge:
[INFO] 16/01/27 16:37:43 tupleops.TupleOpFactory: [G:1:0,1,2:2,0]
[INFO] 16/01/27 16:37:43 tupleops.TupleOpFactory: Projections before merge:
[INFO] 16/01/27 16:37:43 tupleops.TupleOpFactory: [G:1:0,1,2:0, G:1:0,1,2:2]
[INFO] 16/01/27 16:37:43 tupleops.TupleOpFactory: Projections after merge:
[INFO] 16/01/27 16:37:43 tupleops.TupleOpFactory: [G:1:0,1,2:0,2]
[INFO] 16/01/27 16:37:43 estimation.MapSimulator: Map Input bytes:20666854
[INFO] 16/01/27 16:37:43 estimation.MapSimulator: Est. Map Output bytes: 14730366
Read:295.6417179107666
Sort:0.0
Merge:0.0
Store:505.7269821166992
MAP:801.3687000274658
Read:212.9982089996338
Sort:0.0
Merge:1013.9835062026976
Store:715.7530632019043
MAP:1942.7347784042358
Transfer:91.61100339889526
Penalty:4.0
Merge:0.0
Reduce:179.1116394996643
RED:274.72264289855957
	G(x,y,z) |X U(y)
	G(x,y,z) |X V(y)
	Guard In Bytes3100028100
	Guarded In Bytes2233448100
	Guard Out Bytes2209554900
	Guarded Out Bytes3127172850
	Cost:3018.8261213302612

[INFO] 16/01/27 16:37:43 estimation.MapSimulator: Simulating relation R(x0,x1,x2)
[INFO] 16/01/27 16:37:43 tupleops.TupleOpFactory: Projections before merge:
[INFO] 16/01/27 16:37:43 tupleops.TupleOpFactory: [R:0:0,1,2:4]
[INFO] 16/01/27 16:37:43 tupleops.TupleOpFactory: Projections after merge:
[INFO] 16/01/27 16:37:43 tupleops.TupleOpFactory: [R:0:0,1,2:4]
[INFO] 16/01/27 16:37:43 tupleops.TupleOpFactory: Projections before merge:
[INFO] 16/01/27 16:37:43 tupleops.TupleOpFactory: [R:0:0,1,2:4]
[INFO] 16/01/27 16:37:43 tupleops.TupleOpFactory: Projections after merge:
[INFO] 16/01/27 16:37:43 tupleops.TupleOpFactory: [R:0:0,1,2:4]
[INFO] 16/01/27 16:37:43 estimation.MapSimulator: Map Input bytes:20666854
[INFO] 16/01/27 16:37:43 estimation.MapSimulator: Est. Map Output bytes: 13596986
[INFO] 16/01/27 16:37:43 estimation.MapSimulator: Simulating relation S(x0)
[INFO] 16/01/27 16:37:43 tupleops.TupleOpFactory: Projections before merge:
[INFO] 16/01/27 16:37:43 tupleops.TupleOpFactory: [S:0:0:4]
[INFO] 16/01/27 16:37:43 tupleops.TupleOpFactory: Projections after merge:
[INFO] 16/01/27 16:37:43 tupleops.TupleOpFactory: [S:0:0:4]
[INFO] 16/01/27 16:37:43 tupleops.TupleOpFactory: Projections before merge:
[INFO] 16/01/27 16:37:43 tupleops.TupleOpFactory: [S:0:0:4]
[INFO] 16/01/27 16:37:43 tupleops.TupleOpFactory: Projections after merge:
[INFO] 16/01/27 16:37:43 tupleops.TupleOpFactory: [S:0:0:4]
[INFO] 16/01/27 16:37:43 estimation.MapSimulator: Map Input bytes:7444127
[INFO] 16/01/27 16:37:43 estimation.MapSimulator: Est. Map Output bytes: 10415602
[INFO] 16/01/27 16:37:43 estimation.MapSimulator: Simulating relation U(x0)
[INFO] 16/01/27 16:37:43 tupleops.TupleOpFactory: Projections before merge:
[INFO] 16/01/27 16:37:43 tupleops.TupleOpFactory: [U:0:0:0]
[INFO] 16/01/27 16:37:43 tupleops.TupleOpFactory: Projections after merge:
[INFO] 16/01/27 16:37:43 tupleops.TupleOpFactory: [U:0:0:0]
[INFO] 16/01/27 16:37:43 tupleops.TupleOpFactory: Projections before merge:
[INFO] 16/01/27 16:37:43 tupleops.TupleOpFactory: [U:0:0:0]
[INFO] 16/01/27 16:37:43 tupleops.TupleOpFactory: Projections after merge:
[INFO] 16/01/27 16:37:43 tupleops.TupleOpFactory: [U:0:0:0]
[INFO] 16/01/27 16:37:43 estimation.MapSimulator: Map Input bytes:7444995
[INFO] 16/01/27 16:37:43 estimation.MapSimulator: Est. Map Output bytes: 10429338
[INFO] 16/01/27 16:37:43 estimation.MapSimulator: Simulating relation V(x0)
[INFO] 16/01/27 16:37:43 tupleops.TupleOpFactory: Projections before merge:
[INFO] 16/01/27 16:37:43 tupleops.TupleOpFactory: [V:0:0:2]
[INFO] 16/01/27 16:37:43 tupleops.TupleOpFactory: Projections after merge:
[INFO] 16/01/27 16:37:43 tupleops.TupleOpFactory: [V:0:0:2]
[INFO] 16/01/27 16:37:43 tupleops.TupleOpFactory: Projections before merge:
[INFO] 16/01/27 16:37:43 tupleops.TupleOpFactory: [V:0:0:2]
[INFO] 16/01/27 16:37:43 tupleops.TupleOpFactory: Projections after merge:
[INFO] 16/01/27 16:37:43 tupleops.TupleOpFactory: [V:0:0:2]
[INFO] 16/01/27 16:37:43 estimation.MapSimulator: Map Input bytes:7444659
[INFO] 16/01/27 16:37:43 estimation.MapSimulator: Est. Map Output bytes: 10418481
[INFO] 16/01/27 16:37:43 estimation.MapSimulator: Simulating relation G(x0,x1,x2)
[INFO] 16/01/27 16:37:43 tupleops.TupleOpFactory: Projections before merge:
[INFO] 16/01/27 16:37:43 tupleops.TupleOpFactory: [G:1:0,1,2:2, G:1:0,1,2:0]
[INFO] 16/01/27 16:37:43 tupleops.TupleOpFactory: Projections after merge:
[INFO] 16/01/27 16:37:43 tupleops.TupleOpFactory: [G:1:0,1,2:2,0]
[INFO] 16/01/27 16:37:43 tupleops.TupleOpFactory: Projections before merge:
[INFO] 16/01/27 16:37:43 tupleops.TupleOpFactory: [G:1:0,1,2:2, G:1:0,1,2:0]
[INFO] 16/01/27 16:37:43 tupleops.TupleOpFactory: Projections after merge:
[INFO] 16/01/27 16:37:43 tupleops.TupleOpFactory: [G:1:0,1,2:2,0]
[INFO] 16/01/27 16:37:43 estimation.MapSimulator: Map Input bytes:20666854
[INFO] 16/01/27 16:37:43 estimation.MapSimulator: Est. Map Output bytes: 14730366
Read:591.2834358215332
Sort:0.0
Merge:0.0
Store:972.5424499511719
MAP:1563.825885772705
Read:319.4872999191284
Sort:0.0
Merge:1520.5712041854856
Store:1073.3443794250488
MAP:2913.402883529663
Transfer:153.44151220321655
Penalty:12.24
Merge:0.0
Reduce:344.44211769104004
RED:510.1236298942566
	G(x,y,z) |X U(y)
	G(x,y,z) |X V(y)
	R(x,y,z) |X S(x)
	Guard In Bytes6200056200
	Guarded In Bytes3350067150
	Guard Out Bytes4249102800
	Guarded Out Bytes4689513150
	Cost:4987.352399196625

[INFO] 16/01/27 16:37:43 estimation.MapSimulator: Simulating relation R(x0,x1,x2)
[INFO] 16/01/27 16:37:43 tupleops.TupleOpFactory: Projections before merge:
[INFO] 16/01/27 16:37:43 tupleops.TupleOpFactory: [R:0:0,1,2:5]
[INFO] 16/01/27 16:37:43 tupleops.TupleOpFactory: Projections after merge:
[INFO] 16/01/27 16:37:43 tupleops.TupleOpFactory: [R:0:0,1,2:5]
[INFO] 16/01/27 16:37:43 tupleops.TupleOpFactory: Projections before merge:
[INFO] 16/01/27 16:37:43 tupleops.TupleOpFactory: [R:0:0,1,2:5]
[INFO] 16/01/27 16:37:43 tupleops.TupleOpFactory: Projections after merge:
[INFO] 16/01/27 16:37:43 tupleops.TupleOpFactory: [R:0:0,1,2:5]
[INFO] 16/01/27 16:37:43 estimation.MapSimulator: Map Input bytes:20666854
[INFO] 16/01/27 16:37:43 estimation.MapSimulator: Est. Map Output bytes: 13596986
[INFO] 16/01/27 16:37:43 estimation.MapSimulator: Simulating relation T(x0)
[INFO] 16/01/27 16:37:43 tupleops.TupleOpFactory: Projections before merge:
[INFO] 16/01/27 16:37:43 tupleops.TupleOpFactory: [T:0:0:5]
[INFO] 16/01/27 16:37:43 tupleops.TupleOpFactory: Projections after merge:
[INFO] 16/01/27 16:37:43 tupleops.TupleOpFactory: [T:0:0:5]
[INFO] 16/01/27 16:37:43 tupleops.TupleOpFactory: Projections before merge:
[INFO] 16/01/27 16:37:43 tupleops.TupleOpFactory: [T:0:0:5]
[INFO] 16/01/27 16:37:43 tupleops.TupleOpFactory: Projections after merge:
[INFO] 16/01/27 16:37:43 tupleops.TupleOpFactory: [T:0:0:5]
[INFO] 16/01/27 16:37:43 estimation.MapSimulator: Map Input bytes:7444911
[INFO] 16/01/27 16:37:43 estimation.MapSimulator: Est. Map Output bytes: 10405348
[INFO] 16/01/27 16:37:43 estimation.MapSimulator: Simulating relation U(x0)
[INFO] 16/01/27 16:37:43 tupleops.TupleOpFactory: Projections before merge:
[INFO] 16/01/27 16:37:43 tupleops.TupleOpFactory: [U:0:0:0]
[INFO] 16/01/27 16:37:43 tupleops.TupleOpFactory: Projections after merge:
[INFO] 16/01/27 16:37:43 tupleops.TupleOpFactory: [U:0:0:0]
[INFO] 16/01/27 16:37:43 tupleops.TupleOpFactory: Projections before merge:
[INFO] 16/01/27 16:37:43 tupleops.TupleOpFactory: [U:0:0:0]
[INFO] 16/01/27 16:37:43 tupleops.TupleOpFactory: Projections after merge:
[INFO] 16/01/27 16:37:43 tupleops.TupleOpFactory: [U:0:0:0]
[INFO] 16/01/27 16:37:43 estimation.MapSimulator: Map Input bytes:7444995
[INFO] 16/01/27 16:37:43 estimation.MapSimulator: Est. Map Output bytes: 10429338
[INFO] 16/01/27 16:37:43 estimation.MapSimulator: Simulating relation V(x0)
[INFO] 16/01/27 16:37:43 tupleops.TupleOpFactory: Projections before merge:
[INFO] 16/01/27 16:37:43 tupleops.TupleOpFactory: [V:0:0:2]
[INFO] 16/01/27 16:37:43 tupleops.TupleOpFactory: Projections after merge:
[INFO] 16/01/27 16:37:43 tupleops.TupleOpFactory: [V:0:0:2]
[INFO] 16/01/27 16:37:43 tupleops.TupleOpFactory: Projections before merge:
[INFO] 16/01/27 16:37:43 tupleops.TupleOpFactory: [V:0:0:2]
[INFO] 16/01/27 16:37:43 tupleops.TupleOpFactory: Projections after merge:
[INFO] 16/01/27 16:37:43 tupleops.TupleOpFactory: [V:0:0:2]
[INFO] 16/01/27 16:37:43 estimation.MapSimulator: Map Input bytes:7444659
[INFO] 16/01/27 16:37:43 estimation.MapSimulator: Est. Map Output bytes: 10418481
[INFO] 16/01/27 16:37:43 estimation.MapSimulator: Simulating relation G(x0,x1,x2)
[INFO] 16/01/27 16:37:43 tupleops.TupleOpFactory: Projections before merge:
[INFO] 16/01/27 16:37:43 tupleops.TupleOpFactory: [G:1:0,1,2:2, G:1:0,1,2:0]
[INFO] 16/01/27 16:37:43 tupleops.TupleOpFactory: Projections after merge:
[INFO] 16/01/27 16:37:43 tupleops.TupleOpFactory: [G:1:0,1,2:2,0]
[INFO] 16/01/27 16:37:43 tupleops.TupleOpFactory: Projections before merge:
[INFO] 16/01/27 16:37:43 tupleops.TupleOpFactory: [G:1:0,1,2:2, G:1:0,1,2:0]
[INFO] 16/01/27 16:37:43 tupleops.TupleOpFactory: Projections after merge:
[INFO] 16/01/27 16:37:43 tupleops.TupleOpFactory: [G:1:0,1,2:2,0]
[INFO] 16/01/27 16:37:43 estimation.MapSimulator: Map Input bytes:20666854
[INFO] 16/01/27 16:37:43 estimation.MapSimulator: Est. Map Output bytes: 14730366
Read:591.2834358215332
Sort:0.0
Merge:0.0
Store:972.5424499511719
MAP:1563.825885772705
Read:319.49851512908936
Sort:0.0
Merge:1520.0724763870237
Store:1072.9923362731934
MAP:2912.5633277893066
Transfer:153.41510896682738
Penalty:12.24
Merge:0.0
Reduce:344.44211769104004
RED:510.0972266578674
	G(x,y,z) |X U(y)
	G(x,y,z) |X V(y)
	R(x,y,z) |X T(x)
	Guard In Bytes6200056200
	Guarded In Bytes3350184750
	Guard Out Bytes4249102800
	Guarded Out Bytes4687975050
	Cost:4986.486440219879

[INFO] 16/01/27 16:37:43 estimation.MapSimulator: Simulating relation R(x0,x1,x2)
[INFO] 16/01/27 16:37:43 tupleops.TupleOpFactory: Projections before merge:
[INFO] 16/01/27 16:37:43 tupleops.TupleOpFactory: [R:0:0,1,2:4, R:0:0,1,2:5]
[INFO] 16/01/27 16:37:43 tupleops.TupleOpFactory: Projections after merge:
[INFO] 16/01/27 16:37:43 tupleops.TupleOpFactory: [R:0:0,1,2:4,5]
[INFO] 16/01/27 16:37:43 tupleops.TupleOpFactory: Projections before merge:
[INFO] 16/01/27 16:37:43 tupleops.TupleOpFactory: [R:0:0,1,2:5, R:0:0,1,2:4]
[INFO] 16/01/27 16:37:43 tupleops.TupleOpFactory: Projections after merge:
[INFO] 16/01/27 16:37:43 tupleops.TupleOpFactory: [R:0:0,1,2:5,4]
[INFO] 16/01/27 16:37:43 estimation.MapSimulator: Map Input bytes:20666854
[INFO] 16/01/27 16:37:43 estimation.MapSimulator: Est. Map Output bytes: 14559300
[INFO] 16/01/27 16:37:43 estimation.MapSimulator: Simulating relation S(x0)
[INFO] 16/01/27 16:37:43 tupleops.TupleOpFactory: Projections before merge:
[INFO] 16/01/27 16:37:43 tupleops.TupleOpFactory: [S:0:0:4]
[INFO] 16/01/27 16:37:43 tupleops.TupleOpFactory: Projections after merge:
[INFO] 16/01/27 16:37:43 tupleops.TupleOpFactory: [S:0:0:4]
[INFO] 16/01/27 16:37:43 tupleops.TupleOpFactory: Projections before merge:
[INFO] 16/01/27 16:37:43 tupleops.TupleOpFactory: [S:0:0:4]
[INFO] 16/01/27 16:37:43 tupleops.TupleOpFactory: Projections after merge:
[INFO] 16/01/27 16:37:43 tupleops.TupleOpFactory: [S:0:0:4]
[INFO] 16/01/27 16:37:43 estimation.MapSimulator: Map Input bytes:7444127
[INFO] 16/01/27 16:37:43 estimation.MapSimulator: Est. Map Output bytes: 10415602
[INFO] 16/01/27 16:37:43 estimation.MapSimulator: Simulating relation T(x0)
[INFO] 16/01/27 16:37:43 tupleops.TupleOpFactory: Projections before merge:
[INFO] 16/01/27 16:37:43 tupleops.TupleOpFactory: [T:0:0:5]
[INFO] 16/01/27 16:37:43 tupleops.TupleOpFactory: Projections after merge:
[INFO] 16/01/27 16:37:43 tupleops.TupleOpFactory: [T:0:0:5]
[INFO] 16/01/27 16:37:43 tupleops.TupleOpFactory: Projections before merge:
[INFO] 16/01/27 16:37:43 tupleops.TupleOpFactory: [T:0:0:5]
[INFO] 16/01/27 16:37:43 tupleops.TupleOpFactory: Projections after merge:
[INFO] 16/01/27 16:37:43 tupleops.TupleOpFactory: [T:0:0:5]
[INFO] 16/01/27 16:37:43 estimation.MapSimulator: Map Input bytes:7444911
[INFO] 16/01/27 16:37:43 estimation.MapSimulator: Est. Map Output bytes: 10405348
[INFO] 16/01/27 16:37:43 estimation.MapSimulator: Simulating relation U(x0)
[INFO] 16/01/27 16:37:43 tupleops.TupleOpFactory: Projections before merge:
[INFO] 16/01/27 16:37:43 tupleops.TupleOpFactory: [U:0:0:0]
[INFO] 16/01/27 16:37:43 tupleops.TupleOpFactory: Projections after merge:
[INFO] 16/01/27 16:37:43 tupleops.TupleOpFactory: [U:0:0:0]
[INFO] 16/01/27 16:37:43 tupleops.TupleOpFactory: Projections before merge:
[INFO] 16/01/27 16:37:43 tupleops.TupleOpFactory: [U:0:0:0]
[INFO] 16/01/27 16:37:43 tupleops.TupleOpFactory: Projections after merge:
[INFO] 16/01/27 16:37:43 tupleops.TupleOpFactory: [U:0:0:0]
[INFO] 16/01/27 16:37:43 estimation.MapSimulator: Map Input bytes:7444995
[INFO] 16/01/27 16:37:43 estimation.MapSimulator: Est. Map Output bytes: 10429338
[INFO] 16/01/27 16:37:43 estimation.MapSimulator: Simulating relation V(x0)
[INFO] 16/01/27 16:37:43 tupleops.TupleOpFactory: Projections before merge:
[INFO] 16/01/27 16:37:43 tupleops.TupleOpFactory: [V:0:0:2]
[INFO] 16/01/27 16:37:43 tupleops.TupleOpFactory: Projections after merge:
[INFO] 16/01/27 16:37:43 tupleops.TupleOpFactory: [V:0:0:2]
[INFO] 16/01/27 16:37:43 tupleops.TupleOpFactory: Projections before merge:
[INFO] 16/01/27 16:37:43 tupleops.TupleOpFactory: [V:0:0:2]
[INFO] 16/01/27 16:37:43 tupleops.TupleOpFactory: Projections after merge:
[INFO] 16/01/27 16:37:43 tupleops.TupleOpFactory: [V:0:0:2]
[INFO] 16/01/27 16:37:43 estimation.MapSimulator: Map Input bytes:7444659
[INFO] 16/01/27 16:37:43 estimation.MapSimulator: Est. Map Output bytes: 10418481
[INFO] 16/01/27 16:37:43 estimation.MapSimulator: Simulating relation G(x0,x1,x2)
[INFO] 16/01/27 16:37:43 tupleops.TupleOpFactory: Projections before merge:
[INFO] 16/01/27 16:37:43 tupleops.TupleOpFactory: [G:1:0,1,2:0, G:1:0,1,2:2]
[INFO] 16/01/27 16:37:43 tupleops.TupleOpFactory: Projections after merge:
[INFO] 16/01/27 16:37:43 tupleops.TupleOpFactory: [G:1:0,1,2:0,2]
[INFO] 16/01/27 16:37:43 tupleops.TupleOpFactory: Projections before merge:
[INFO] 16/01/27 16:37:43 tupleops.TupleOpFactory: [G:1:0,1,2:2, G:1:0,1,2:0]
[INFO] 16/01/27 16:37:43 tupleops.TupleOpFactory: Projections after merge:
[INFO] 16/01/27 16:37:43 tupleops.TupleOpFactory: [G:1:0,1,2:2,0]
[INFO] 16/01/27 16:37:43 estimation.MapSimulator: Map Input bytes:20666854
[INFO] 16/01/27 16:37:43 estimation.MapSimulator: Est. Map Output bytes: 14730366
Read:591.2834358215332
Sort:0.0
Merge:0.0
Store:1005.5808792114258
MAP:1596.864315032959
Read:425.987606048584
Sort:0.0
Merge:2026.6601743698118
Store:1430.583652496338
MAP:3883.231432914734
Transfer:182.71233987808228
Penalty:16.0
Merge:0.0
Reduce:356.14322805404663
RED:554.8555679321289
	G(x,y,z) |X U(y)
	R(x,y,z) |X S(x)
	G(x,y,z) |X V(y)
	R(x,y,z) |X T(x)
	Guard In Bytes6200056200
	Guarded In Bytes4466803800
	Guard Out Bytes4393449900
	Guarded Out Bytes6250315350
	Cost:6034.951315879822

[INFO] 16/01/27 16:37:43 estimation.MapSimulator: Simulating relation T(x0)
[INFO] 16/01/27 16:37:43 tupleops.TupleOpFactory: Projections before merge:
[INFO] 16/01/27 16:37:43 tupleops.TupleOpFactory: [T:0:0:5]
[INFO] 16/01/27 16:37:43 tupleops.TupleOpFactory: Projections after merge:
[INFO] 16/01/27 16:37:43 tupleops.TupleOpFactory: [T:0:0:5]
[INFO] 16/01/27 16:37:43 tupleops.TupleOpFactory: Projections before merge:
[INFO] 16/01/27 16:37:43 tupleops.TupleOpFactory: [T:0:0:5]
[INFO] 16/01/27 16:37:43 tupleops.TupleOpFactory: Projections after merge:
[INFO] 16/01/27 16:37:43 tupleops.TupleOpFactory: [T:0:0:5]
[INFO] 16/01/27 16:37:43 estimation.MapSimulator: Map Input bytes:7444911
[INFO] 16/01/27 16:37:43 estimation.MapSimulator: Est. Map Output bytes: 10405348
[INFO] 16/01/27 16:37:43 estimation.MapSimulator: Simulating relation R(x0,x1,x2)
[INFO] 16/01/27 16:37:43 tupleops.TupleOpFactory: Projections before merge:
[INFO] 16/01/27 16:37:43 tupleops.TupleOpFactory: [R:0:0,1,2:4, R:0:0,1,2:5]
[INFO] 16/01/27 16:37:43 tupleops.TupleOpFactory: Projections after merge:
[INFO] 16/01/27 16:37:43 tupleops.TupleOpFactory: [R:0:0,1,2:4,5]
[INFO] 16/01/27 16:37:43 tupleops.TupleOpFactory: Projections before merge:
[INFO] 16/01/27 16:37:43 tupleops.TupleOpFactory: [R:0:0,1,2:4, R:0:0,1,2:5]
[INFO] 16/01/27 16:37:43 tupleops.TupleOpFactory: Projections after merge:
[INFO] 16/01/27 16:37:43 tupleops.TupleOpFactory: [R:0:0,1,2:4,5]
[INFO] 16/01/27 16:37:43 estimation.MapSimulator: Map Input bytes:20666854
[INFO] 16/01/27 16:37:43 estimation.MapSimulator: Est. Map Output bytes: 14559300
[INFO] 16/01/27 16:37:43 estimation.MapSimulator: Simulating relation S(x0)
[INFO] 16/01/27 16:37:43 tupleops.TupleOpFactory: Projections before merge:
[INFO] 16/01/27 16:37:43 tupleops.TupleOpFactory: [S:0:0:4]
[INFO] 16/01/27 16:37:43 tupleops.TupleOpFactory: Projections after merge:
[INFO] 16/01/27 16:37:43 tupleops.TupleOpFactory: [S:0:0:4]
[INFO] 16/01/27 16:37:43 tupleops.TupleOpFactory: Projections before merge:
[INFO] 16/01/27 16:37:43 tupleops.TupleOpFactory: [S:0:0:4]
[INFO] 16/01/27 16:37:43 tupleops.TupleOpFactory: Projections after merge:
[INFO] 16/01/27 16:37:43 tupleops.TupleOpFactory: [S:0:0:4]
[INFO] 16/01/27 16:37:43 estimation.MapSimulator: Map Input bytes:7444127
[INFO] 16/01/27 16:37:43 estimation.MapSimulator: Est. Map Output bytes: 10415602
Read:295.6417179107666
Sort:0.0
Merge:0.0
Store:499.85389709472656
MAP:795.4956150054932
Read:212.9893970489502
Sort:0.0
Merge:1012.6766681671141
Store:714.8305892944336
MAP:1940.496654510498
Transfer:91.10133647918701
Penalty:4.0
Merge:0.0
Reduce:177.03158855438232
RED:272.13292503356934
	R(x,y,z) |X S(x)
	R(x,y,z) |X T(x)
	Guard In Bytes3100028100
	Guarded In Bytes2233355700
	Guard Out Bytes2183895000
	Guarded Out Bytes3123142500
	Cost:3008.1251945495605

[INFO] 16/01/27 16:37:43 grouper.Grouper: Grouping complete: 2 group(s)
[INFO] 16/01/27 16:37:43 grouper.Grouper: Grouping: [	G(x,y,z) |X U(y)
	G(x,y,z) |X V(y)
	Guard In Bytes3100028100
	Guarded In Bytes2233448100
	Guard Out Bytes2209554900
	Guarded Out Bytes3127172850
	Cost:3018.8261213302612
, 	R(x,y,z) |X S(x)
	R(x,y,z) |X T(x)
	Guard In Bytes3100028100
	Guarded In Bytes2233355700
	Guard Out Bytes2183895000
	Guarded Out Bytes3123142500
	Cost:3008.1251945495605
]
[INFO] 16/01/27 16:37:43 hadoop2.HadoopEngine2: Running time: 840ms
[INFO] 16/01/27 16:37:43 hadoop2.HadoopEngine2: SUCCESS: all jobs (0) completed!
[INFO] 16/01/27 16:37:43 hadoop2.HadoopEngine2: Stopping job control

Overall Counters
--------------------------------------------------------------------------------

